<?xml version="1.0" encoding="UTF-8"?>
<!-- Generated by org.testng.reporters.JUnitXMLReporter -->
<testsuite hostname="BrendenT" name="BairdSauceFailTest" tests="1" failures="1" timestamp="25 Feb 2015 04:01:07 GMT" time="19.107" errors="0">
  <testcase name="test_Account_Login_Page_Appear_Correct_Fail" time="3.921" classname="com.booj.sauce.sauce_framework.BairdSauceFailTest">
    <failure type="java.lang.AssertionError" message="expected [true] but found [false]">
      <![CDATA[java.lang.AssertionError: expected [true] but found [false]
	at com.booj.sauce.sauce_framework.BairdSauceFailTest.test_Account_Login_Page_Appear_Correct_Fail(BairdSauceFailTest.java:32)
	at java.util.concurrent.FutureTask.run(FutureTask.java:266)
	at java.util.concurrent.ThreadPoolExecutor.runWorker(ThreadPoolExecutor.java:1142)
	at java.util.concurrent.ThreadPoolExecutor$Worker.run(ThreadPoolExecutor.java:617)
	at java.lang.Thread.run(Thread.java:745)
... Removed 20 stack frames]]>
    </failure>
  </testcase> <!-- test_Account_Login_Page_Appear_Correct_Fail -->
</testsuite> <!-- BairdSauceFailTest -->
