<?xml version="1.0" encoding="UTF-8"?>
<!-- Generated by org.testng.reporters.JUnitXMLReporter -->
<testsuite hostname="BrendenT" name="Command line test" tests="2" failures="1" timestamp="25 Feb 2015 03:37:26 GMT" time="31.879" errors="0">
  <testcase name="test_Account_Login_Page_Appear_Correct" time="3.876" classname="com.booj.sauce.sauce_framework.BairdSauceFailTest">
    <failure type="java.lang.AssertionError" message="expected [true] but found [false]">
      <![CDATA[java.lang.AssertionError: expected [true] but found [false]
	at com.booj.sauce.sauce_framework.BairdSauceFailTest.test_Account_Login_Page_Appear_Correct(BairdSauceFailTest.java:32)
... Removed 38 stack frames]]>
    </failure>
  </testcase> <!-- test_Account_Login_Page_Appear_Correct -->
  <testcase name="test_Account_Login_Page_Appear_Correct" time="4.175" classname="com.booj.sauce.sauce_framework.BairdSaucePassTest"/>
</testsuite> <!-- Command line test -->
