<?xml version="1.0" encoding="UTF-8"?>
<testsuite name="TestSuite" time="10.282" tests="2" errors="0" skipped="0" failures="1">
  <properties>
[...]
</properties>
  <testcase name="test_Account_Login_Page_Appear_Correct_Fail" classname="com.booj.sauce.sauce_framework.BairdSauceFailTest" time="4.809">
    <failure message="expected [true] but found [false]" type="java.lang.AssertionError">java.lang.AssertionError: expected [true] but found [false]
	at org.testng.Assert.fail(Assert.java:94)
	at org.testng.Assert.failNotEquals(Assert.java:494)
	at org.testng.Assert.assertTrue(Assert.java:42)
	at org.testng.Assert.assertTrue(Assert.java:52)
	at com.booj.sauce.sauce_framework.BairdSauceFailTest.test_Account_Login_Page_Appear_Correct_Fail(BairdSauceFailTest.java:32)
</failure>
    <system-out><![CDATA[SauceOnDemandSessionID=06f69e100f734d3aab0ee5e899462b69 job-name=test_Account_Login_Page_Appear_Correct_Fail
SauceOnDemandSessionID=4f6dce512efa4bf2a32a7422d5bf3116 job-name=test_Account_Login_Page_Appear_Correct_Pass
Welcome Login Title =Welcome, brenden thornsberry
Job link: https://saucelabs.com/jobs/06f69e100f734d3aab0ee5e899462b69?auth=e275dcc3220b6a8b4b0c3bffbe0a55e3
]]></system-out>
  </testcase>
  <testcase name="test_Account_Login_Page_Appear_Correct_Pass" classname="com.booj.sauce.sauce_framework.BairdSaucePassTest" time="5.473"/>
</testsuite>