<?xml version="1.0" encoding="UTF-8"?>
<testng-results skipped="0" failed="0" total="1" passed="1">
  <reporter-output>
  </reporter-output>
  <suite name="Default suite" duration-ms="11803" started-at="2015-02-24T18:06:03Z" finished-at="2015-02-24T18:06:15Z">
    <groups>
    </groups>
    <test name="Default test" duration-ms="11803" started-at="2015-02-24T18:06:03Z" finished-at="2015-02-24T18:06:15Z">
      <class name="com.booj.sauce.sauce_framework.BairdSauceTest">
        <test-method status="PASS" signature="setupTest(java.lang.reflect.Method)[pri:0, instance:com.booj.sauce.sauce_framework.BairdSauceTest@79698539]" name="setupTest" is-config="true" duration-ms="6065" started-at="2015-02-24T11:06:03Z" finished-at="2015-02-24T11:06:09Z">
          <params>
            <param index="0">
              <value>
                <![CDATA[public void com.booj.sauce.sauce_framework.BairdSauceTest.test_Account_Login_Page_Appear_Correct() throws java.lang.Exception]]>
              </value>
            </param>
          </params>
          <reporter-output>
          </reporter-output>
        </test-method> <!-- setupTest -->
        <test-method status="PASS" signature="test_Account_Login_Page_Appear_Correct()[pri:0, instance:com.booj.sauce.sauce_framework.BairdSauceTest@79698539]" name="test_Account_Login_Page_Appear_Correct" duration-ms="5329" started-at="2015-02-24T11:06:09Z" finished-at="2015-02-24T11:06:15Z">
          <reporter-output>
          </reporter-output>
        </test-method> <!-- test_Account_Login_Page_Appear_Correct -->
        <test-method status="PASS" signature="tearDown()[pri:0, instance:com.booj.sauce.sauce_framework.BairdSauceTest@79698539]" name="tearDown" is-config="true" duration-ms="386" started-at="2015-02-24T11:06:15Z" finished-at="2015-02-24T11:06:15Z">
          <reporter-output>
          </reporter-output>
        </test-method> <!-- tearDown -->
      </class> <!-- com.booj.sauce.sauce_framework.BairdSauceTest -->
    </test> <!-- Default test -->
  </suite> <!-- Default suite -->
</testng-results>
